<?xml version="1.0" encoding="UTF-8"?>
<!-- Generated by org.testng.reporters.JUnitXMLReporter -->
<testsuite hostname="OmarFaruk" ignored="0" name="Productinfo Page Test" tests="3" failures="0" timestamp="22 Jun 2021 19:32:07 GMT" time="40.617" errors="0">
  <testcase name="productImagesTest" time="6.642" classname="com.qa.opencart.tests.ProductInfoPageTest"/>
  <testcase name="productInfoHeaderTest" time="9.631" classname="com.qa.opencart.tests.ProductInfoPageTest"/>
  <testcase name="productInfoTest" time="7.872" classname="com.qa.opencart.tests.ProductInfoPageTest"/>
</testsuite> <!-- Productinfo Page Test -->
