<?xml version="1.0" encoding="UTF-8"?>
<!-- Generated by org.testng.reporters.JUnitXMLReporter -->
<testsuite hostname="OmarFaruk" ignored="0" name="Registration Page Test" tests="3" failures="0" timestamp="22 Jun 2021 19:32:55 GMT" time="88.773" errors="0">
  <testcase name="userRegistrationTest" time="24.02" classname="com.qa.opencart.tests.RegistrationPageTest"/>
  <testcase name="userRegistrationTest" time="24.432" classname="com.qa.opencart.tests.RegistrationPageTest"/>
  <testcase name="userRegistrationTest" time="24.832" classname="com.qa.opencart.tests.RegistrationPageTest"/>
</testsuite> <!-- Registration Page Test -->
